<?xml version="1.0" encoding="UTF-8"?>
<testng-results total="1" passed="1" failed="0" skipped="0">
  <reporter-output>
  </reporter-output>
  <suite started-at="2022-09-05T08:14:24Z" name="Default suite" finished-at="2022-09-05T08:14:39Z" duration-ms="15116">
    <groups>
    </groups>
    <test started-at="2022-09-05T08:14:24Z" name="Default test" finished-at="2022-09-05T08:14:39Z" duration-ms="15116">
      <class name="com.crowdstaffing.pom.testcases.Signup">
        <test-method is-config="true" signature="startUpTest()[pri:0, instance:com.crowdstaffing.pom.testcases.Signup@d8305c2]" started-at="2022-09-05T13:44:24Z" name="startUpTest" finished-at="2022-09-05T13:44:28Z" duration-ms="3613" status="PASS">
          <reporter-output>
          </reporter-output>
        </test-method> <!-- startUpTest -->
        <test-method signature="signUp()[pri:0, instance:com.crowdstaffing.pom.testcases.Signup@d8305c2]" started-at="2022-09-05T13:44:28Z" name="signUp" finished-at="2022-09-05T13:44:39Z" duration-ms="11346" status="PASS">
          <reporter-output>
          </reporter-output>
        </test-method> <!-- signUp -->
        <test-method is-config="true" signature="quit()[pri:0, instance:com.crowdstaffing.pom.testcases.Signup@d8305c2]" started-at="2022-09-05T13:44:39Z" name="quit" finished-at="2022-09-05T13:44:39Z" duration-ms="149" status="PASS">
          <reporter-output>
          </reporter-output>
        </test-method> <!-- quit -->
      </class> <!-- com.crowdstaffing.pom.testcases.Signup -->
    </test> <!-- Default test -->
  </suite> <!-- Default suite -->
</testng-results>
